{
  "RSpec": {
    "coverage": {
      "/Users/kimbergstrom/Turing/3mod/challenges/food-2303/app/helpers/application_helper.rb": {
        "lines": [
          1,
          null
        ]
      },
      "/Users/kimbergstrom/Turing/3mod/challenges/food-2303/app/facades/food_search_facade.rb": {
        "lines": [
          1,
          1,
          1,
          null,
          1,
          10,
          null,
          null,
          null
        ]
      },
      "/Users/kimbergstrom/Turing/3mod/challenges/food-2303/app/services/food_service.rb": {
        "lines": [
          1,
          null,
          null,
          1,
          1,
          1,
          1,
          null,
          null,
          null,
          1,
          1,
          1,
          null,
          null,
          1,
          null,
          null
        ]
      },
      "/Users/kimbergstrom/Turing/3mod/challenges/food-2303/app/poros/food.rb": {
        "lines": [
          1,
          1,
          null,
          1,
          10,
          10,
          10,
          10,
          null,
          null
        ]
      },
      "/Users/kimbergstrom/Turing/3mod/challenges/food-2303/app/channels/application_cable/channel.rb": {
        "lines": [
          0,
          0,
          0,
          0
        ],
        "branches": {
        }
      },
      "/Users/kimbergstrom/Turing/3mod/challenges/food-2303/app/channels/application_cable/connection.rb": {
        "lines": [
          0,
          0,
          0,
          0
        ],
        "branches": {
        }
      },
      "/Users/kimbergstrom/Turing/3mod/challenges/food-2303/app/controllers/application_controller.rb": {
        "lines": [
          0,
          0
        ],
        "branches": {
        }
      },
      "/Users/kimbergstrom/Turing/3mod/challenges/food-2303/app/controllers/food_controller.rb": {
        "lines": [
          0,
          0,
          0,
          0,
          0,
          0,
          0
        ],
        "branches": {
        }
      },
      "/Users/kimbergstrom/Turing/3mod/challenges/food-2303/app/controllers/welcome_controller.rb": {
        "lines": [
          0,
          0,
          0,
          0
        ],
        "branches": {
        }
      },
      "/Users/kimbergstrom/Turing/3mod/challenges/food-2303/app/jobs/application_job.rb": {
        "lines": [
          0,
          null,
          null,
          null,
          null,
          null,
          0
        ],
        "branches": {
        }
      },
      "/Users/kimbergstrom/Turing/3mod/challenges/food-2303/app/mailers/application_mailer.rb": {
        "lines": [
          0,
          0,
          0,
          0
        ],
        "branches": {
        }
      },
      "/Users/kimbergstrom/Turing/3mod/challenges/food-2303/app/models/application_record.rb": {
        "lines": [
          0,
          0,
          0
        ],
        "branches": {
        }
      }
    },
    "timestamp": 1689954560
  }
}
