{
  "RSpec": {
    "coverage": {
      "/Users/kimbergstrom/Turing/3mod/challenges/food-2303/app/helpers/application_helper.rb": {
        "lines": [
          1,
          null
        ]
      },
      "/Users/kimbergstrom/Turing/3mod/challenges/food-2303/app/poros/food.rb": {
        "lines": [
          1,
          1,
          null,
          1,
          41,
          41,
          41,
          41,
          null,
          null
        ]
      },
      "/Users/kimbergstrom/Turing/3mod/challenges/food-2303/app/services/food_service.rb": {
        "lines": [
          1,
          1,
          5,
          5,
          5,
          null,
          null,
          null,
          1,
          5,
          5,
          null,
          null,
          5,
          null,
          null
        ]
      },
      "/Users/kimbergstrom/Turing/3mod/challenges/food-2303/app/controllers/welcome_controller.rb": {
        "lines": [
          1,
          1,
          null,
          null
        ]
      },
      "/Users/kimbergstrom/Turing/3mod/challenges/food-2303/app/controllers/application_controller.rb": {
        "lines": [
          1,
          null
        ]
      },
      "/Users/kimbergstrom/Turing/3mod/challenges/food-2303/app/controllers/foods_controller.rb": {
        "lines": [
          1,
          1,
          4,
          4,
          4,
          null,
          null
        ]
      },
      "/Users/kimbergstrom/Turing/3mod/challenges/food-2303/app/facades/food_search_facade.rb": {
        "lines": [
          1,
          1,
          4,
          null,
          4,
          40,
          null,
          null,
          null
        ]
      }
    },
    "timestamp": 1689957325
  }
}
